c:\users\nickydraz\google drive\school\ncc junior year\csc 306\compilerproject\compilerproject\debug\vc120.pdb
c:\users\nickydraz\google drive\school\ncc junior year\csc 306\compilerproject\compilerproject\debug\vc120.idb
c:\users\nickydraz\google drive\school\ncc junior year\csc 306\compilerproject\compilerproject\debug\cmmvirtualmachine.obj
c:\users\nickydraz\google drive\school\ncc junior year\csc 306\compilerproject\compilerproject\debug\lex.obj
c:\users\nickydraz\google drive\school\ncc junior year\csc 306\compilerproject\compilerproject\debug\main.obj
c:\users\nickydraz\google drive\school\ncc junior year\csc 306\compilerproject\compilerproject\debug\compiler.obj
c:\users\nickydraz\google drive\school\ncc junior year\csc 306\compilerproject\debug\compilerproject.ilk
c:\users\nickydraz\google drive\school\ncc junior year\csc 306\compilerproject\debug\compilerproject.exe
c:\users\nickydraz\google drive\school\ncc junior year\csc 306\compilerproject\debug\compilerproject.pdb
g:\school\2014-2015 junior\spring 2015\csc 306\compilerproject\compilerproject\debug\cmmvirtualmachine.obj
g:\school\2014-2015 junior\spring 2015\csc 306\compilerproject\compilerproject\debug\compiler.obj
g:\school\2014-2015 junior\spring 2015\csc 306\compilerproject\compilerproject\debug\lex.obj
g:\school\2014-2015 junior\spring 2015\csc 306\compilerproject\compilerproject\debug\main.obj
g:\school\2014-2015 junior\spring 2015\csc 306\compilerproject\compilerproject\debug\vc120.idb
g:\school\2014-2015 junior\spring 2015\csc 306\compilerproject\compilerproject\debug\vc120.pdb
g:\school\2014-2015 junior\spring 2015\csc 306\compilerproject\debug\compilerproject.pdb
g:\school\2014-2015 junior\spring 2015\csc 306\compilerproject\debug\compilerproject.exe
g:\school\2014-2015 junior\spring 2015\csc 306\compilerproject\debug\compilerproject.ilk
g:\school\2014-2015 junior\spring 2015\csc 306\compilerproject\compilerproject\debug\compilerproject.tlog\cl.command.1.tlog
g:\school\2014-2015 junior\spring 2015\csc 306\compilerproject\compilerproject\debug\compilerproject.tlog\cl.read.1.tlog
g:\school\2014-2015 junior\spring 2015\csc 306\compilerproject\compilerproject\debug\compilerproject.tlog\cl.write.1.tlog
g:\school\2014-2015 junior\spring 2015\csc 306\compilerproject\compilerproject\debug\compilerproject.tlog\link.command.1.tlog
g:\school\2014-2015 junior\spring 2015\csc 306\compilerproject\compilerproject\debug\compilerproject.tlog\link.read.1.tlog
g:\school\2014-2015 junior\spring 2015\csc 306\compilerproject\compilerproject\debug\compilerproject.tlog\link.write.1.tlog
